<?xml version="1.0" encoding="UTF-8"?>
<testng-results ignored="0" total="2" passed="2" failed="0" skipped="0">
  <reporter-output>
    <line>
      <![CDATA[Setup done and application gets started]]>
    </line>
  </reporter-output>
  <suite started-at="2020-09-05T22:43:34 PKT" name="Suite" finished-at="2020-09-05T22:44:18 PKT" duration-ms="43409">
    <groups>
    </groups>
    <test started-at="2020-09-05T22:43:34 PKT" name="Test" finished-at="2020-09-05T22:44:18 PKT" duration-ms="43409">
      <class name="com.automation.testCases.LoginTestAmazon">
        <test-method is-config="true" signature="SetUpSuite()[pri:0, instance:com.automation.testCases.LoginTestAmazon@128d2484]" started-at="2020-09-05T22:43:31 PKT" name="SetUpSuite" finished-at="2020-09-05T22:43:34 PKT" duration-ms="3352" status="PASS">
          <reporter-output>
            <line>
              <![CDATA[Setup done and application gets started]]>
            </line>
          </reporter-output>
        </test-method> <!-- SetUpSuite -->
        <test-method is-config="true" signature="setp()[pri:0, instance:com.automation.testCases.LoginTestAmazon@128d2484]" started-at="2020-09-05T22:43:34 PKT" name="setp" finished-at="2020-09-05T22:43:52 PKT" duration-ms="17195" status="PASS">
          <reporter-output>
          </reporter-output>
        </test-method> <!-- setp -->
        <test-method signature="loginApp()[pri:1, instance:com.automation.testCases.LoginTestAmazon@128d2484]" started-at="2020-09-05T22:43:52 PKT" name="loginApp" finished-at="2020-09-05T22:44:04 PKT" duration-ms="11955" status="PASS">
          <reporter-output>
          </reporter-output>
        </test-method> <!-- loginApp -->
        <test-method is-config="true" signature="tearDownMethod(org.testng.ITestResult)[pri:0, instance:com.automation.testCases.LoginTestAmazon@128d2484]" started-at="2020-09-05T22:44:04 PKT" name="tearDownMethod" finished-at="2020-09-05T22:44:10 PKT" duration-ms="6216" status="PASS">
          <params>
            <param index="0">
              <value>
                <![CDATA[[TestResult name=loginApp status=SUCCESS method=LoginTestAmazon.loginApp()[pri:1, instance:com.automation.testCases.LoginTestAmazon@128d2484] output={null}]]]>
              </value>
            </param>
          </params>
          <reporter-output>
          </reporter-output>
        </test-method> <!-- tearDownMethod -->
        <test-method signature="loginApp1()[pri:2, instance:com.automation.testCases.LoginTestAmazon@128d2484]" started-at="2020-09-05T22:44:10 PKT" name="loginApp1" finished-at="2020-09-05T22:44:10 PKT" duration-ms="10" status="PASS">
          <reporter-output>
          </reporter-output>
        </test-method> <!-- loginApp1 -->
        <test-method is-config="true" signature="tearDownMethod(org.testng.ITestResult)[pri:0, instance:com.automation.testCases.LoginTestAmazon@128d2484]" started-at="2020-09-05T22:44:10 PKT" name="tearDownMethod" finished-at="2020-09-05T22:44:14 PKT" duration-ms="4388" status="PASS">
          <params>
            <param index="0">
              <value>
                <![CDATA[[TestResult name=loginApp1 status=SUCCESS method=LoginTestAmazon.loginApp1()[pri:2, instance:com.automation.testCases.LoginTestAmazon@128d2484] output={null}]]]>
              </value>
            </param>
          </params>
          <reporter-output>
          </reporter-output>
        </test-method> <!-- tearDownMethod -->
        <test-method is-config="true" signature="tearDown()[pri:0, instance:com.automation.testCases.LoginTestAmazon@128d2484]" started-at="2020-09-05T22:44:14 PKT" name="tearDown" finished-at="2020-09-05T22:44:18 PKT" duration-ms="3457" status="PASS">
          <reporter-output>
          </reporter-output>
        </test-method> <!-- tearDown -->
      </class> <!-- com.automation.testCases.LoginTestAmazon -->
    </test> <!-- Test -->
  </suite> <!-- Suite -->
</testng-results>
